<?xml version="1.0" encoding="UTF-8"?>
<!-- Generated by org.testng.reporters.JUnitReportReporter -->
<testsuite skipped="1" hostname="Akshay30" name="booking.login.Booking" tests="2" failures="0" timestamp="2022-03-20T23:52:16 IST" time="74.764" errors="1">
  <testcase name="beforeTest" time="74.764" classname="booking.login.Booking">
    <error type="org.openqa.selenium.WebDriverException" message="chrome not reachable
Build info: version: &#039;3.141.59&#039;, revision: &#039;e82be7d358&#039;, time: &#039;2018-11-14T08:17:03&#039;
System info: host: &#039;AKSHAY30&#039;, ip: &#039;192.168.1.105&#039;, os.name: &#039;Windows 10&#039;, os.arch: &#039;amd64&#039;, os.version: &#039;10.0&#039;, java.version: &#039;1.8.0_211&#039;
Driver info: driver.version: ChromeDriver
remote stacktrace: Backtrace:
	Ordinal0 [0x005A9943+2595139]
	Ordinal0 [0x0053C9F1+2148849]
	Ordinal0 [0x004343F0+1065968]
	Ordinal0 [0x004286EB+1017579]
	Ordinal0 [0x00453C78+1195128]
	Ordinal0 [0x0044FE37+1179191]
	Ordinal0 [0x0044D6F1+1169137]
	Ordinal0 [0x00480530+1377584]
	Ordinal0 [0x0048018A+1376650]
	Ordinal0 [0x0047B806+1357830]
	Ordinal0 [0x00456086+1204358]
	Ordinal0 [0x00456F96+1208214]
	GetHandleVerifier [0x0074B232+1658114]
	GetHandleVerifier [0x0080312C+2411516]
	GetHandleVerifier [0x0063F261+560433]
	GetHandleVerifier [0x0063E366+556598]
	Ordinal0 [0x0054286B+2173035]
	Ordinal0 [0x005475F8+2192888]
	Ordinal0 [0x005476E5+2193125]
	Ordinal0 [0x005511FC+2232828]
	BaseThreadInitThunk [0x75FDFA29+25]
	RtlGetAppContainerNamedObjectPath [0x77C77A7E+286]
	RtlGetAppContainerNamedObjectPath [0x77C77A4E+238]
">
      <![CDATA[org.openqa.selenium.WebDriverException: chrome not reachable
Build info: version: '3.141.59', revision: 'e82be7d358', time: '2018-11-14T08:17:03'
System info: host: 'AKSHAY30', ip: '192.168.1.105', os.name: 'Windows 10', os.arch: 'amd64', os.version: '10.0', java.version: '1.8.0_211'
Driver info: driver.version: ChromeDriver
remote stacktrace: Backtrace:
Ordinal0 [0x005A9943+2595139]
Ordinal0 [0x0053C9F1+2148849]
Ordinal0 [0x004343F0+1065968]
Ordinal0 [0x004286EB+1017579]
Ordinal0 [0x00453C78+1195128]
Ordinal0 [0x0044FE37+1179191]
Ordinal0 [0x0044D6F1+1169137]
Ordinal0 [0x00480530+1377584]
Ordinal0 [0x0048018A+1376650]
Ordinal0 [0x0047B806+1357830]
Ordinal0 [0x00456086+1204358]
Ordinal0 [0x00456F96+1208214]
GetHandleVerifier [0x0074B232+1658114]
GetHandleVerifier [0x0080312C+2411516]
GetHandleVerifier [0x0063F261+560433]
GetHandleVerifier [0x0063E366+556598]
Ordinal0 [0x0054286B+2173035]
Ordinal0 [0x005475F8+2192888]
Ordinal0 [0x005476E5+2193125]
Ordinal0 [0x005511FC+2232828]
BaseThreadInitThunk [0x75FDFA29+25]
RtlGetAppContainerNamedObjectPath [0x77C77A7E+286]
RtlGetAppContainerNamedObjectPath [0x77C77A4E+238]

at sun.reflect.NativeConstructorAccessorImpl.newInstance0(Native Method)
at sun.reflect.NativeConstructorAccessorImpl.newInstance(Unknown Source)
at sun.reflect.DelegatingConstructorAccessorImpl.newInstance(Unknown Source)
at java.lang.reflect.Constructor.newInstance(Unknown Source)
at org.openqa.selenium.remote.W3CHandshakeResponse.lambda$errorHandler$0(W3CHandshakeResponse.java:62)
at org.openqa.selenium.remote.HandshakeResponse.lambda$getResponseFunction$0(HandshakeResponse.java:30)
at org.openqa.selenium.remote.ProtocolHandshake.lambda$createSession$0(ProtocolHandshake.java:126)
at java.util.stream.ReferencePipeline$3$1.accept(Unknown Source)
at java.util.Spliterators$ArraySpliterator.tryAdvance(Unknown Source)
at java.util.stream.ReferencePipeline.forEachWithCancel(Unknown Source)
at java.util.stream.AbstractPipeline.copyIntoWithCancel(Unknown Source)
at java.util.stream.AbstractPipeline.copyInto(Unknown Source)
at java.util.stream.AbstractPipeline.wrapAndCopyInto(Unknown Source)
at java.util.stream.FindOps$FindOp.evaluateSequential(Unknown Source)
at java.util.stream.AbstractPipeline.evaluate(Unknown Source)
at java.util.stream.ReferencePipeline.findFirst(Unknown Source)
at org.openqa.selenium.remote.ProtocolHandshake.createSession(ProtocolHandshake.java:128)
at org.openqa.selenium.remote.ProtocolHandshake.createSession(ProtocolHandshake.java:74)
at org.openqa.selenium.remote.HttpCommandExecutor.execute(HttpCommandExecutor.java:136)
at org.openqa.selenium.remote.service.DriverCommandExecutor.execute(DriverCommandExecutor.java:83)
at org.openqa.selenium.remote.RemoteWebDriver.execute(RemoteWebDriver.java:552)
at org.openqa.selenium.remote.RemoteWebDriver.startSession(RemoteWebDriver.java:213)
at org.openqa.selenium.remote.RemoteWebDriver.<init>(RemoteWebDriver.java:131)
at org.openqa.selenium.chrome.ChromeDriver.<init>(ChromeDriver.java:181)
at org.openqa.selenium.chrome.ChromeDriver.<init>(ChromeDriver.java:168)
at org.openqa.selenium.chrome.ChromeDriver.<init>(ChromeDriver.java:123)
at booking.login.Booking.beforeTest(Booking.java:34)
at sun.reflect.NativeMethodAccessorImpl.invoke0(Native Method)
at sun.reflect.NativeMethodAccessorImpl.invoke(Unknown Source)
at sun.reflect.DelegatingMethodAccessorImpl.invoke(Unknown Source)
at java.lang.reflect.Method.invoke(Unknown Source)
at org.testng.internal.MethodInvocationHelper.invokeMethod(MethodInvocationHelper.java:133)
at org.testng.internal.MethodInvocationHelper.invokeMethodConsideringTimeout(MethodInvocationHelper.java:62)
at org.testng.internal.ConfigInvoker.invokeConfigurationMethod(ConfigInvoker.java:385)
at org.testng.internal.ConfigInvoker.invokeConfigurations(ConfigInvoker.java:321)
at org.testng.TestRunner.invokeTestConfigurations(TestRunner.java:637)
at org.testng.TestRunner.beforeRun(TestRunner.java:627)
at org.testng.TestRunner.run(TestRunner.java:589)
at org.testng.SuiteRunner.runTest(SuiteRunner.java:377)
at org.testng.SuiteRunner.runSequentially(SuiteRunner.java:371)
at org.testng.SuiteRunner.privateRun(SuiteRunner.java:332)
at org.testng.SuiteRunner.run(SuiteRunner.java:276)
at org.testng.SuiteRunnerWorker.runSuite(SuiteRunnerWorker.java:53)
at org.testng.SuiteRunnerWorker.run(SuiteRunnerWorker.java:96)
at org.testng.TestNG.runSuitesSequentially(TestNG.java:1212)
at org.testng.TestNG.runSuitesLocally(TestNG.java:1134)
at org.testng.TestNG.runSuites(TestNG.java:1063)
at org.testng.TestNG.run(TestNG.java:1031)
at org.testng.remote.AbstractRemoteTestNG.run(AbstractRemoteTestNG.java:115)
at org.testng.remote.RemoteTestNG.initAndRun(RemoteTestNG.java:251)
at org.testng.remote.RemoteTestNG.main(RemoteTestNG.java:77)
]]>
    </error>
  </testcase> <!-- beforeTest -->
  <system-out/>
  <testcase name="f" time="0.000" classname="booking.login.Booking">
    <skipped/>
  </testcase> <!-- f -->
  <system-out/>
</testsuite> <!-- booking.login.Booking -->
